<?xml version="1.0" encoding="UTF-8"?>
<!-- Generated by org.testng.reporters.JUnitReportReporter -->
<testsuite hostname="DESKTOP-FHQC1P2" failures="0" tests="1" name="Basic.OrganizationTest" time="8.321" errors="0" timestamp="2024-03-15T12:51:53 IST" skipped="0">
  <testcase classname="Basic.OrganizationTest" name="createOrganizationTest" time="8.321"/>
  <system-out/>
</testsuite> <!-- Basic.OrganizationTest -->
